<?xml version="1.0" encoding="UTF-8"?>
<testsuite xmlns:xsi="http://www.w3.org/2001/XMLSchema-instance" xsi:noNamespaceSchemaLocation="https://maven.apache.org/surefire/maven-surefire-plugin/xsd/surefire-test-report-3.0.xsd" version="3.0" name="com.teamb.runner.System2TestRunner" time="4.968" tests="3" errors="0" skipped="0" failures="0">
  <properties>
[...]
</properties>
  <testcase name="View portfolio summary dashboard" classname="System2 Financial Dashboard Specific Features" time="2.824">
    <system-out><![CDATA[
@sys2
Scenario: View portfolio summary dashboard           # src/test/resources/features/system2_specific.feature:15
[System2Setup] Registered System2PageObjectProvider
==========================================================
Starting Scenario: View portfolio summary dashboard
Tags: [@sys2]
==========================================================
UI scenario detected - initializing WebDriver
[System2LoginPage] Navigating to: https://system2.fintech.example.com/auth/login
[System2 - Financial Dashboard] Navigated to login page
  Given the user is on the login page                # com.teama.steps.base.SharedLoginSteps.theUserIsOnTheLoginPage()
[System2LoginPage] Entering username into #fin-username: testuser
[System2LoginPage] Entering password into #fin-password: [REDACTED]
  When the user enters valid credentials             # com.teama.steps.base.SharedLoginSteps.theUserEntersValidCredentials()
[System2LoginPage] Clicked .dashboard-login-btn — loggedIn=true
  And the user clicks the login button               # com.teama.steps.base.SharedLoginSteps.theUserClicksTheLoginButton()
[PASS] Logged in on: System2 - Financial Dashboard
  Then the user should be logged in successfully     # com.teama.steps.base.SharedLoginSteps.theUserShouldBeLoggedInSuccessfully()
[System2] Navigating to portfolio dashboard
  When the user navigates to the portfolio dashboard # com.teamb.steps.System2LoginSteps.theUserNavigatesToThePortfolioDashboard()
[System2] Verifying portfolio summary is displayed
  Then the portfolio summary should be displayed     # com.teamb.steps.System2LoginSteps.thePortfolioSummaryShouldBeDisplayed()
[System2] Verifying total assets value is visible
  And the total assets value should be visible       # com.teamb.steps.System2LoginSteps.theTotalAssetsValueShouldBeVisible()
==========================================================
Scenario: View portfolio summary dashboard
Status: PASSED
==========================================================
]]></system-out>
    <system-err><![CDATA[Jun 25, 2026 6:28:16 AM org.openqa.selenium.devtools.CdpVersionFinder findNearestMatch
WARNING: Unable to find CDP implementation matching 149
Jun 25, 2026 6:28:16 AM org.openqa.selenium.chromium.ChromiumDriver lambda$new$5
WARNING: Unable to find version of CDP to use for 149.0.7827.156. You may need to include a dependency on a specific version of the CDP using something similar to `org.seleniumhq.selenium:selenium-devtools-v86:4.18.1` where the version ("v86") matches the version of the chromium-based browser you're using and the version number of the artifact is the same as Selenium's.
]]></system-err>
  </testcase>
  <testcase name="Generate a quarterly financial report" classname="System2 Financial Dashboard Specific Features" time="0.956">
    <system-out><![CDATA[
@sys2
Scenario: Generate a quarterly financial report                      # src/test/resources/features/system2_specific.feature:20
[System2Setup] Registered System2PageObjectProvider
==========================================================
Starting Scenario: Generate a quarterly financial report
Tags: [@sys2]
==========================================================
UI scenario detected - initializing WebDriver
[System2LoginPage] Navigating to: https://system2.fintech.example.com/auth/login
[System2 - Financial Dashboard] Navigated to login page
  Given the user is on the login page                                # com.teama.steps.base.SharedLoginSteps.theUserIsOnTheLoginPage()
[System2LoginPage] Entering username into #fin-username: testuser
[System2LoginPage] Entering password into #fin-password: [REDACTED]
  When the user enters valid credentials                             # com.teama.steps.base.SharedLoginSteps.theUserEntersValidCredentials()
[System2LoginPage] Clicked .dashboard-login-btn — loggedIn=true
  And the user clicks the login button                               # com.teama.steps.base.SharedLoginSteps.theUserClicksTheLoginButton()
[PASS] Logged in on: System2 - Financial Dashboard
  Then the user should be logged in successfully                     # com.teama.steps.base.SharedLoginSteps.theUserShouldBeLoggedInSuccessfully()
[System2] Selecting report type: Quarterly Statement
  When the user selects report type "Quarterly Statement"            # com.teamb.steps.System2LoginSteps.theUserSelectsReportType(java.lang.String)
[System2] Setting date range: 2024-01-01 to 2024-03-31
  And the user sets the date range from "2024-01-01" to "2024-03-31" # com.teamb.steps.System2LoginSteps.theUserSetsTheDateRange(java.lang.String,java.lang.String)
[System2] Generating report: Quarterly Statement
  And the user generates the report                                  # com.teamb.steps.System2LoginSteps.theUserGeneratesTheReport()
[System2] Report generated successfully
  Then the report should be generated successfully                   # com.teamb.steps.System2LoginSteps.theReportShouldBeGeneratedSuccessfully()
[System2] Report download link is available
  And the report should be available for download                    # com.teamb.steps.System2LoginSteps.theReportShouldBeAvailableForDownload()
==========================================================
Scenario: Generate a quarterly financial report
Status: PASSED
==========================================================
]]></system-out>
    <system-err><![CDATA[Jun 25, 2026 6:28:17 AM org.openqa.selenium.devtools.CdpVersionFinder findNearestMatch
WARNING: Unable to find CDP implementation matching 149
Jun 25, 2026 6:28:17 AM org.openqa.selenium.chromium.ChromiumDriver lambda$new$5
WARNING: Unable to find version of CDP to use for 149.0.7827.156. You may need to include a dependency on a specific version of the CDP using something similar to `org.seleniumhq.selenium:selenium-devtools-v86:4.18.1` where the version ("v86") matches the version of the chromium-based browser you're using and the version number of the artifact is the same as Selenium's.
]]></system-err>
  </testcase>
  <testcase name="Generate an annual financial report" classname="System2 Financial Dashboard Specific Features" time="0.876">
    <system-out><![CDATA[
@sys2
Scenario: Generate an annual financial report                        # src/test/resources/features/system2_specific.feature:27
[System2Setup] Registered System2PageObjectProvider
==========================================================
Starting Scenario: Generate an annual financial report
Tags: [@sys2]
==========================================================
UI scenario detected - initializing WebDriver
[System2LoginPage] Navigating to: https://system2.fintech.example.com/auth/login
[System2 - Financial Dashboard] Navigated to login page
  Given the user is on the login page                                # com.teama.steps.base.SharedLoginSteps.theUserIsOnTheLoginPage()
[System2LoginPage] Entering username into #fin-username: testuser
[System2LoginPage] Entering password into #fin-password: [REDACTED]
  When the user enters valid credentials                             # com.teama.steps.base.SharedLoginSteps.theUserEntersValidCredentials()
[System2LoginPage] Clicked .dashboard-login-btn — loggedIn=true
  And the user clicks the login button                               # com.teama.steps.base.SharedLoginSteps.theUserClicksTheLoginButton()
[PASS] Logged in on: System2 - Financial Dashboard
  Then the user should be logged in successfully                     # com.teama.steps.base.SharedLoginSteps.theUserShouldBeLoggedInSuccessfully()
[System2] Selecting report type: Annual Summary
  When the user selects report type "Annual Summary"                 # com.teamb.steps.System2LoginSteps.theUserSelectsReportType(java.lang.String)
[System2] Setting date range: 2024-01-01 to 2024-12-31
  And the user sets the date range from "2024-01-01" to "2024-12-31" # com.teamb.steps.System2LoginSteps.theUserSetsTheDateRange(java.lang.String,java.lang.String)
[System2] Generating report: Annual Summary
  And the user generates the report                                  # com.teamb.steps.System2LoginSteps.theUserGeneratesTheReport()
[System2] Report generated successfully
  Then the report should be generated successfully                   # com.teamb.steps.System2LoginSteps.theReportShouldBeGeneratedSuccessfully()
[System2] Report download link is available
  And the report should be available for download                    # com.teamb.steps.System2LoginSteps.theReportShouldBeAvailableForDownload()
==========================================================
Scenario: Generate an annual financial report
Status: PASSED
==========================================================
]]></system-out>
    <system-err><![CDATA[Jun 25, 2026 6:28:18 AM org.openqa.selenium.devtools.CdpVersionFinder findNearestMatch
WARNING: Unable to find CDP implementation matching 149
Jun 25, 2026 6:28:18 AM org.openqa.selenium.chromium.ChromiumDriver lambda$new$5
WARNING: Unable to find version of CDP to use for 149.0.7827.156. You may need to include a dependency on a specific version of the CDP using something similar to `org.seleniumhq.selenium:selenium-devtools-v86:4.18.1` where the version ("v86") matches the version of the chromium-based browser you're using and the version number of the artifact is the same as Selenium's.
]]></system-err>
  </testcase>
</testsuite>